Traceback (most recent call last):
  File "/opt/hostedtoolcache/Python/3.12.5/x64/lib/python3.12/site-packages/jupyter_cache/executors/utils.py", line 58, in single_nb_execution
    executenb(
  File "/opt/hostedtoolcache/Python/3.12.5/x64/lib/python3.12/site-packages/nbclient/client.py", line 1314, in execute
    return NotebookClient(nb=nb, resources=resources, km=km, **kwargs).execute()
           ^^^^^^^^^^^^^^^^^^^^^^^^^^^^^^^^^^^^^^^^^^^^^^^^^^^^^^^^^^^^^^^^^^^^^
  File "/opt/hostedtoolcache/Python/3.12.5/x64/lib/python3.12/site-packages/jupyter_core/utils/__init__.py", line 165, in wrapped
    return loop.run_until_complete(inner)
           ^^^^^^^^^^^^^^^^^^^^^^^^^^^^^^
  File "/opt/hostedtoolcache/Python/3.12.5/x64/lib/python3.12/asyncio/base_events.py", line 687, in run_until_complete
    return future.result()
           ^^^^^^^^^^^^^^^
  File "/opt/hostedtoolcache/Python/3.12.5/x64/lib/python3.12/site-packages/nbclient/client.py", line 709, in async_execute
    await self.async_execute_cell(
  File "/opt/hostedtoolcache/Python/3.12.5/x64/lib/python3.12/site-packages/nbclient/client.py", line 1062, in async_execute_cell
    await self._check_raise_for_error(cell, cell_index, exec_reply)
  File "/opt/hostedtoolcache/Python/3.12.5/x64/lib/python3.12/site-packages/nbclient/client.py", line 918, in _check_raise_for_error
    raise CellExecutionError.from_cell_and_msg(cell, exec_reply_content)
nbclient.exceptions.CellExecutionError: An error occurred while executing the following cell:
------------------
from graphbook_code import lpm_heatmap

fig, axs = plt.subplots(1, 4, figsize=(15, 5), gridspec_kw = {"width_ratios": [1, 1.27, .35, .45]})

heatmap(A_humans[0].astype(int), cbar=False, ax=axs[0],
        xticks=[0.5, 49.5, 99.5], xticklabels=[1, 50, 100], xtitle="Node",
        inner_hier_labels=zs, title="(A) First human network $A^{(1)}$")
heatmap(A_humans[1].astype(int), legend_title="Edge?", ax=axs[1],
        xticks=[0.5, 49.5, 99.5], xticklabels=[1, 50, 100], xtitle="Node",
        inner_hier_labels=zs, title="(B) Third human network $A^{(3)}$")

vmin = np.min([Xhat, Xhat2]); vmax = np.max([Xhat, Xhat2])
lpm_heatmap(Xhat, xtitle="Latent Dim.", xticks=[0.5, 1.5], xticklabels=[1, 2],
            yticks=[0.5, 49.5, 99.5], yticklabels=[1, 50, 100], ytitle="Node",
            ax=axs[2], cbar=False, vmin=vmin, vmax=vmax, title="(C) $\\hat X^{(1)}$")
lpm_heatmap(Xhat3, xtitle="Latent Dim.", xticks=[0.5, 1.5], xticklabels=[1, 2],
            yticks=[0.5, 49.5, 99.5], yticklabels=[1, 50, 100], ytitle="Node",
            ax=axs[3], vmin=vmin, vmax=vmax, title="(D) $\\hat X^{(3)}$", shrink=0.7)

fig.tight_layout()

fname = "cmp_identical"
if mode != "png":
    fig.savefig(f"Figures/{mode:s}/{fname:s}.{mode:s}")

fig.savefig(f"Figures/png/{fname:s}.png")
------------------


[0;31m---------------------------------------------------------------------------[0m
[0;31mNameError[0m                                 Traceback (most recent call last)
Cell [0;32mIn[8], line 12[0m
[1;32m      5[0m heatmap(A_humans[[38;5;241m0[39m][38;5;241m.[39mastype([38;5;28mint[39m), cbar[38;5;241m=[39m[38;5;28;01mFalse[39;00m, ax[38;5;241m=[39maxs[[38;5;241m0[39m],
[1;32m      6[0m         xticks[38;5;241m=[39m[[38;5;241m0.5[39m, [38;5;241m49.5[39m, [38;5;241m99.5[39m], xticklabels[38;5;241m=[39m[[38;5;241m1[39m, [38;5;241m50[39m, [38;5;241m100[39m], xtitle[38;5;241m=[39m[38;5;124m"[39m[38;5;124mNode[39m[38;5;124m"[39m,
[1;32m      7[0m         inner_hier_labels[38;5;241m=[39mzs, title[38;5;241m=[39m[38;5;124m"[39m[38;5;124m(A) First human network $A^[39m[38;5;124m{[39m[38;5;124m(1)}$[39m[38;5;124m"[39m)
[1;32m      8[0m heatmap(A_humans[[38;5;241m1[39m][38;5;241m.[39mastype([38;5;28mint[39m), legend_title[38;5;241m=[39m[38;5;124m"[39m[38;5;124mEdge?[39m[38;5;124m"[39m, ax[38;5;241m=[39maxs[[38;5;241m1[39m],
[1;32m      9[0m         xticks[38;5;241m=[39m[[38;5;241m0.5[39m, [38;5;241m49.5[39m, [38;5;241m99.5[39m], xticklabels[38;5;241m=[39m[[38;5;241m1[39m, [38;5;241m50[39m, [38;5;241m100[39m], xtitle[38;5;241m=[39m[38;5;124m"[39m[38;5;124mNode[39m[38;5;124m"[39m,
[1;32m     10[0m         inner_hier_labels[38;5;241m=[39mzs, title[38;5;241m=[39m[38;5;124m"[39m[38;5;124m(B) Third human network $A^[39m[38;5;124m{[39m[38;5;124m(3)}$[39m[38;5;124m"[39m)
[0;32m---> 12[0m vmin [38;5;241m=[39m np[38;5;241m.[39mmin([Xhat, Xhat2]); vmax [38;5;241m=[39m np[38;5;241m.[39mmax([Xhat, Xhat2])
[1;32m     13[0m lpm_heatmap(Xhat, xtitle[38;5;241m=[39m[38;5;124m"[39m[38;5;124mLatent Dim.[39m[38;5;124m"[39m, xticks[38;5;241m=[39m[[38;5;241m0.5[39m, [38;5;241m1.5[39m], xticklabels[38;5;241m=[39m[[38;5;241m1[39m, [38;5;241m2[39m],
[1;32m     14[0m             yticks[38;5;241m=[39m[[38;5;241m0.5[39m, [38;5;241m49.5[39m, [38;5;241m99.5[39m], yticklabels[38;5;241m=[39m[[38;5;241m1[39m, [38;5;241m50[39m, [38;5;241m100[39m], ytitle[38;5;241m=[39m[38;5;124m"[39m[38;5;124mNode[39m[38;5;124m"[39m,
[1;32m     15[0m             ax[38;5;241m=[39maxs[[38;5;241m2[39m], cbar[38;5;241m=[39m[38;5;28;01mFalse[39;00m, vmin[38;5;241m=[39mvmin, vmax[38;5;241m=[39mvmax, title[38;5;241m=[39m[38;5;124m"[39m[38;5;124m(C) $[39m[38;5;130;01m\\[39;00m[38;5;124mhat X^[39m[38;5;124m{[39m[38;5;124m(1)}$[39m[38;5;124m"[39m)
[1;32m     16[0m lpm_heatmap(Xhat3, xtitle[38;5;241m=[39m[38;5;124m"[39m[38;5;124mLatent Dim.[39m[38;5;124m"[39m, xticks[38;5;241m=[39m[[38;5;241m0.5[39m, [38;5;241m1.5[39m], xticklabels[38;5;241m=[39m[[38;5;241m1[39m, [38;5;241m2[39m],
[1;32m     17[0m             yticks[38;5;241m=[39m[[38;5;241m0.5[39m, [38;5;241m49.5[39m, [38;5;241m99.5[39m], yticklabels[38;5;241m=[39m[[38;5;241m1[39m, [38;5;241m50[39m, [38;5;241m100[39m], ytitle[38;5;241m=[39m[38;5;124m"[39m[38;5;124mNode[39m[38;5;124m"[39m,
[1;32m     18[0m             ax[38;5;241m=[39maxs[[38;5;241m3[39m], vmin[38;5;241m=[39mvmin, vmax[38;5;241m=[39mvmax, title[38;5;241m=[39m[38;5;124m"[39m[38;5;124m(D) $[39m[38;5;130;01m\\[39;00m[38;5;124mhat X^[39m[38;5;124m{[39m[38;5;124m(3)}$[39m[38;5;124m"[39m, shrink[38;5;241m=[39m[38;5;241m0.7[39m)

[0;31mNameError[0m: name 'Xhat2' is not defined

